2026-04-12 15:36:56 [INFO] Starting minecraft server version 1.2.5
2026-04-12 15:36:56 [INFO] Loading properties
2026-04-12 15:36:56 [WARNING] server.properties does not exist
2026-04-12 15:36:56 [INFO] Generating new properties file
2026-04-12 15:36:56 [INFO] Starting Minecraft server on *:25565
2026-04-12 15:36:56 [WARNING] Failed to load ban list: java.io.FileNotFoundException: banned-players.txt (지정된 파일을 찾을 수 없습니다)
2026-04-12 15:36:56 [WARNING] Failed to load ip ban list: java.io.FileNotFoundException: banned-ips.txt (지정된 파일을 찾을 수 없습니다)
2026-04-12 15:36:56 [WARNING] Failed to load operators list: java.io.FileNotFoundException: ops.txt (지정된 파일을 찾을 수 없습니다)
2026-04-12 15:36:56 [WARNING] Failed to load white-list: java.io.FileNotFoundException: white-list.txt (지정된 파일을 찾을 수 없습니다)
2026-04-12 15:36:56 [INFO] Preparing level "world"
2026-04-12 15:36:56 [INFO] Default game type: 0
2026-04-12 15:36:57 [INFO] Preparing start region for level 0
2026-04-12 15:37:11 [INFO] Starting minecraft server version 1.2.5
2026-04-12 15:37:11 [INFO] Loading properties
2026-04-12 15:37:11 [INFO] Starting Minecraft server on *:25565
2026-04-12 15:37:11 [INFO] Preparing level "world"
2026-04-12 15:37:11 [INFO] Default game type: 0
2026-04-12 15:37:11 [INFO] Preparing start region for level 0
2026-04-12 15:37:12 [INFO] Preparing spawn area: 40%
2026-04-12 15:37:13 [INFO] Preparing spawn area: 89%
2026-04-12 15:37:13 [INFO] Done (2.325s)! For help, type "help" or "?"
2026-04-12 15:37:33 [INFO] /127.0.0.1:58003 lost connection
2026-04-12 15:38:48 [INFO] /127.0.0.1:50628 lost connection
2026-04-12 15:38:56 [INFO] Unknown console command. Type "help" for help.
2026-04-12 15:39:00 [INFO] CONSOLE: Stopping the server..
2026-04-12 15:39:00 [INFO] Stopping server
2026-04-12 15:39:00 [INFO] Saving chunks
2026-04-12 15:39:00 [INFO] Saving chunks
2026-04-12 15:39:00 [INFO] Saving chunks
2026-04-12 15:39:03 [INFO] Starting minecraft server version 1.2.5
2026-04-12 15:39:03 [INFO] Loading properties
2026-04-12 15:39:03 [INFO] Starting Minecraft server on *:25565
2026-04-12 15:39:03 [WARNING] **** SERVER IS RUNNING IN OFFLINE/INSECURE MODE!
2026-04-12 15:39:03 [WARNING] The server will make no attempt to authenticate usernames. Beware.
2026-04-12 15:39:03 [WARNING] While this makes the game possible to play without internet access, it also opens up the ability for hackers to connect with any username they choose.
2026-04-12 15:39:03 [WARNING] To change this, set "online-mode" to "true" in the server.settings file.
2026-04-12 15:39:03 [INFO] Preparing level "world"
2026-04-12 15:39:03 [INFO] Default game type: 0
2026-04-12 15:39:03 [INFO] Preparing start region for level 0
2026-04-12 15:39:04 [INFO] Preparing spawn area: 40%
2026-04-12 15:39:05 [INFO] Preparing spawn area: 93%
2026-04-12 15:39:05 [INFO] Done (2.115s)! For help, type "help" or "?"
2026-04-12 15:39:11 [INFO] Player [/127.0.0.1:50639] logged in with entity id 910 at (-5.5, 69.62000000476837, -9.5)
2026-04-12 15:39:20 [INFO] Player lost connection: disconnect.quitting
2026-04-12 15:50:02 [INFO] Player [/127.0.0.1:61423] logged in with entity id 5226 at (-4.282795595349086, 72.0, -18.69999998807907)
2026-04-12 15:51:11 [INFO] CONSOLE: Stopping the server..
2026-04-12 15:51:11 [INFO] Stopping server
2026-04-12 15:51:11 [INFO] Saving chunks
2026-04-12 15:51:11 [INFO] Saving chunks
2026-04-12 15:51:11 [INFO] Saving chunks
2026-04-12 15:51:19 [INFO] Starting minecraft server version 1.2.5
2026-04-12 15:51:19 [INFO] Loading properties
2026-04-12 15:51:19 [INFO] Starting Minecraft server on *:25565
2026-04-12 15:51:19 [WARNING] **** SERVER IS RUNNING IN OFFLINE/INSECURE MODE!
2026-04-12 15:51:19 [WARNING] The server will make no attempt to authenticate usernames. Beware.
2026-04-12 15:51:19 [WARNING] While this makes the game possible to play without internet access, it also opens up the ability for hackers to connect with any username they choose.
2026-04-12 15:51:19 [WARNING] To change this, set "online-mode" to "true" in the server.settings file.
2026-04-12 15:51:19 [INFO] Preparing level "world"
2026-04-12 15:51:19 [INFO] Default game type: 0
2026-04-12 15:51:19 [INFO] Preparing start region for level 0
2026-04-12 15:51:19 [INFO] Done (0.254s)! For help, type "help" or "?"
2026-04-12 15:51:29 [INFO] Player [/127.0.0.1:49697] logged in with entity id 371 at (36.21249829551121, 62.0, 13.547130764913366)
2026-04-12 19:44:48 [INFO] Starting minecraft server version 1.2.5
2026-04-12 19:44:48 [INFO] Loading properties
2026-04-12 19:44:48 [INFO] Starting Minecraft server on *:25565
2026-04-12 19:44:48 [WARNING] **** SERVER IS RUNNING IN OFFLINE/INSECURE MODE!
2026-04-12 19:44:48 [WARNING] The server will make no attempt to authenticate usernames. Beware.
2026-04-12 19:44:48 [WARNING] While this makes the game possible to play without internet access, it also opens up the ability for hackers to connect with any username they choose.
2026-04-12 19:44:48 [WARNING] To change this, set "online-mode" to "true" in the server.settings file.
2026-04-12 19:44:48 [INFO] Preparing level "world"
2026-04-12 19:44:48 [INFO] Default game type: 0
2026-04-12 19:44:48 [INFO] Preparing start region for level 0
2026-04-12 19:44:48 [INFO] Done (0.258s)! For help, type "help" or "?"
2026-04-12 19:49:20 [INFO] Player [/127.0.0.1:57174] logged in with entity id 392 at (36.21249829551121, 62.0, 13.547130764913366)
2026-04-12 19:50:18 [INFO] jake [/127.0.0.1:52335] logged in with entity id 2458 at (-5.5, 69.62000000476837, -7.5)
2026-04-12 19:51:29 [INFO] Player lost connection: disconnect.quitting
2026-04-12 19:51:32 [INFO] jake lost connection: disconnect.genericReason
2026-04-12 19:51:32 [INFO] Player [/127.0.0.1:64608] logged in with entity id 4312 at (-5.75, 64.0, 8.09375)
2026-04-12 19:51:46 [INFO] Unknown console command. Type "help" for help.
2026-04-12 19:51:48 [INFO] To run the server without a gui, start it like this:
2026-04-12 19:51:48 [INFO]    java -Xmx1024M -Xms1024M -jar minecraft_server.jar nogui
2026-04-12 19:51:48 [INFO] Console commands:
2026-04-12 19:51:48 [INFO]    help  or  ?               shows this message
2026-04-12 19:51:48 [INFO]    kick <player>             removes a player from the server
2026-04-12 19:51:48 [INFO]    ban <player>              bans a player from the server
2026-04-12 19:51:48 [INFO]    pardon <player>           pardons a banned player so that they can connect again
2026-04-12 19:51:48 [INFO]    ban-ip <ip>               bans an IP address from the server
2026-04-12 19:51:48 [INFO]    pardon-ip <ip>            pardons a banned IP address so that they can connect again
2026-04-12 19:51:48 [INFO]    op <player>               turns a player into an op
2026-04-12 19:51:48 [INFO]    deop <player>             removes op status from a player
2026-04-12 19:51:48 [INFO]    tp <player1> <player2>    moves one player to the same location as another player
2026-04-12 19:51:48 [INFO]    give <player> <id> [num]  gives a player a resource
2026-04-12 19:51:48 [INFO]    tell <player> <message>   sends a private message to a player
2026-04-12 19:51:48 [INFO]    stop                      gracefully stops the server
2026-04-12 19:51:48 [INFO]    save-all                  forces a server-wide level save
2026-04-12 19:51:48 [INFO]    save-off                  disables terrain saving (useful for backup scripts)
2026-04-12 19:51:48 [INFO]    save-on                   re-enables terrain saving
2026-04-12 19:51:48 [INFO]    list                      lists all currently connected players
2026-04-12 19:51:48 [INFO]    say <message>             broadcasts a message to all players
2026-04-12 19:51:48 [INFO]    time <add|set> <amount>   adds to or sets the world time (0-24000)
2026-04-12 19:51:48 [INFO]    gamemode <player> <mode>  sets player's game mode (0 or 1)
2026-04-12 19:51:48 [INFO]    toggledownfall            toggles rain on or off
2026-04-12 19:51:48 [INFO]    xp <player> <amount>      gives the player the amount of xp (0-5000)
2026-04-12 19:51:53 [INFO] Unknown console command. Type "help" for help.
2026-04-12 19:52:04 [INFO] Player lost connection: disconnect.genericReason
2026-04-12 19:52:55 [INFO] Player [/127.0.0.1:64673] logged in with entity id 5172 at (-6.0625, 64.0, 27.84375)
2026-04-12 19:53:03 [INFO] Unknown console command. Type "help" for help.
2026-04-12 19:53:19 [INFO] jake [/127.0.0.1:64683] logged in with entity id 6066 at (-6.90625, 64.0, 7.46875)
2026-04-12 19:54:13 [INFO] Player tried command: ban
2026-04-12 19:54:19 [INFO] Player tried command: ping
2026-04-12 19:54:46 [INFO] Player lost connection: disconnect.quitting
2026-04-12 19:54:49 [INFO] jake lost connection: disconnect.genericReason
2026-04-12 19:59:51 [INFO] Starting minecraft server version 1.2.5
2026-04-12 19:59:51 [INFO] Loading properties
2026-04-12 19:59:51 [INFO] Starting Minecraft server on 0.0.0.0:25565
2026-04-12 19:59:51 [WARNING] **** SERVER IS RUNNING IN OFFLINE/INSECURE MODE!
2026-04-12 19:59:51 [WARNING] The server will make no attempt to authenticate usernames. Beware.
2026-04-12 19:59:51 [WARNING] While this makes the game possible to play without internet access, it also opens up the ability for hackers to connect with any username they choose.
2026-04-12 19:59:51 [WARNING] To change this, set "online-mode" to "true" in the server.settings file.
2026-04-12 19:59:51 [INFO] Preparing level "world"
2026-04-12 19:59:51 [INFO] Default game type: 0
2026-04-12 19:59:51 [INFO] Preparing start region for level 0
2026-04-12 19:59:51 [INFO] Done (0.246s)! For help, type "help" or "?"
2026-04-12 20:33:18 [INFO] Starting minecraft server version 1.2.5
2026-04-12 20:33:18 [INFO] Loading properties
2026-04-12 20:33:18 [INFO] Starting Minecraft server on *:25565
2026-04-12 20:33:18 [WARNING] **** SERVER IS RUNNING IN OFFLINE/INSECURE MODE!
2026-04-12 20:33:18 [WARNING] The server will make no attempt to authenticate usernames. Beware.
2026-04-12 20:33:18 [WARNING] While this makes the game possible to play without internet access, it also opens up the ability for hackers to connect with any username they choose.
2026-04-12 20:33:18 [WARNING] To change this, set "online-mode" to "true" in the server.settings file.
2026-04-12 20:33:18 [INFO] Preparing level "world"
2026-04-12 20:33:18 [INFO] Default game type: 0
2026-04-12 20:33:18 [INFO] Preparing start region for level 0
2026-04-12 20:33:19 [INFO] Done (0.286s)! For help, type "help" or "?"
2026-04-12 20:33:28 [INFO] Player [/26.105.150.15:52979] logged in with entity id 317 at (-17.966975061720838, 64.0, 35.93281122465491)
2026-04-12 20:34:09 [INFO] Player lost connection: disconnect.quitting
2026-04-12 20:38:54 [INFO] Player [/26.105.150.15:62515] logged in with entity id 975 at (-17.000403476646348, 64.0, 29.005773548947907)
2026-04-12 20:39:09 [INFO] Unknown console command. Type "help" for help.
2026-04-12 20:39:13 [INFO] CONSOLE: Opping player
2026-04-12 20:39:18 [INFO] Player issued server command: help
2026-04-12 20:39:22 [INFO] Player issued server command: gamemode c
2026-04-12 20:39:32 [INFO] Unknown console command. Type "help" for help.
2026-04-12 20:39:39 [INFO] Unknown console command. Type "help" for help.
2026-04-12 20:39:44 [INFO] Unknown console command. Type "help" for help.
2026-04-12 20:39:51 [INFO] There's no game mode with id c
2026-04-12 20:39:56 [INFO] There's no game mode with id creative
2026-04-12 20:40:01 [INFO] CONSOLE: Setting Player to game mode 1
2026-04-12 20:40:11 [INFO] Player issued server command: gamemode 2
2026-04-12 20:41:09 [INFO] Starting minecraft server version 1.2.5
2026-04-12 20:41:09 [INFO] Loading properties
2026-04-12 20:41:09 [INFO] Starting Minecraft server on *:25565
2026-04-12 20:41:09 [WARNING] **** SERVER IS RUNNING IN OFFLINE/INSECURE MODE!
2026-04-12 20:41:09 [WARNING] The server will make no attempt to authenticate usernames. Beware.
2026-04-12 20:41:09 [WARNING] While this makes the game possible to play without internet access, it also opens up the ability for hackers to connect with any username they choose.
2026-04-12 20:41:09 [WARNING] To change this, set "online-mode" to "true" in the server.settings file.
2026-04-12 20:41:09 [INFO] Preparing level "world"
2026-04-12 20:41:09 [INFO] Default game type: 0
2026-04-12 20:41:09 [INFO] Preparing start region for level 0
2026-04-12 20:41:09 [INFO] Done (0.252s)! For help, type "help" or "?"
2026-04-12 20:41:15 [INFO] Player [/26.105.150.15:50572] logged in with entity id 319 at (-17.000403476646348, 64.0, 29.005773548947907)
2026-04-12 20:42:01 [INFO] Player lost connection: disconnect.quitting
2026-04-12 20:43:54 [INFO] Player [/26.105.150.15:63330] logged in with entity id 646 at (-28.789274925038484, 63.0, -31.313655888843975)
2026-04-12 20:44:31 [INFO] <Player> wwwwww
2026-04-12 20:44:46 [INFO] Player lost connection: disconnect.quitting
2026-04-12 20:46:01 [INFO] jake [/26.251.223.4:52101] logged in with entity id 1146 at (0.034144840174620605, 64.0, 42.70476040644762)
2026-04-12 20:46:03 [INFO] Player [/26.105.150.15:54957] logged in with entity id 1711 at (-28.41839700961477, 63.0, -33.313988169835454)
2026-04-12 20:47:06 [INFO] Player lost connection: disconnect.quitting
2026-04-12 20:47:09 [INFO] Player [/26.105.150.15:54995] logged in with entity id 4379 at (-0.44051835019025054, 63.0, 73.83009379374722)
2026-04-12 20:50:33 [INFO] jake lost connection: disconnect.quitting
2026-04-12 20:50:38 [INFO] jake [/26.251.223.4:52164] logged in with entity id 6547 at (-8.79319579640299, 58.0, 74.6015034834512)
2026-04-12 20:51:42 [INFO] Player issued server command: kick jake
2026-04-12 20:51:42 [INFO] Player: Kicking jake
2026-04-12 20:51:42 [INFO] jake lost connection: disconnect.endOfStream
2026-04-12 20:51:49 [INFO] jake [/26.251.223.4:52173] logged in with entity id 6906 at (-5.8125, 63.0, 75.28125)
2026-04-12 20:52:19 [INFO] Player issued server command: spawn
2026-04-12 20:52:19 [INFO] Unknown console command. Type "help" for help.
2026-04-12 20:54:38 [INFO] Player lost connection: disconnect.quitting
2026-04-12 20:54:47 [INFO] CONSOLE: Banning jake
2026-04-12 20:54:51 [INFO] Disconnecting jake [/26.251.223.4:52186]: You are banned from this server!
2026-04-12 20:54:52 [INFO] CONSOLE: Pardoning jake
2026-04-12 20:54:56 [INFO] CONSOLE: Pardoning jake
2026-04-12 20:55:02 [INFO] jake [/26.251.223.4:52193] logged in with entity id 8045 at (-13.402257168887989, 55.0, 54.7194668400319)
2026-04-12 20:55:36 [INFO] jake lost connection: disconnect.quitting
2026-04-12 20:56:17 [INFO] Player [/26.105.150.15:52993] logged in with entity id 8078 at (-15.699999988079073, 50.09499854721885, 53.300000011920936)
2026-04-12 20:56:19 [INFO] Player lost connection: disconnect.quitting
2026-04-12 20:56:38 [INFO] second [/26.105.150.15:62349] logged in with entity id 8079 at (9.5, 64.62000000476837, 5.5)
2026-04-12 20:57:45 [INFO] Player [/26.105.150.15:64305] logged in with entity id 8113 at (-15.699999988079071, 47.85326199040027, 53.300000011920936)
2026-04-12 20:57:47 [INFO] Player lost connection: disconnect.quitting
2026-04-12 20:57:58 [INFO] jake [/26.251.223.4:52216] logged in with entity id 8116 at (-15.699999988079073, 52.0, 55.30000001192093)
2026-04-12 20:58:36 [INFO] Player [/26.105.150.15:60450] logged in with entity id 8239 at (-15.699999988079071, 47.0, 53.300000011920936)
2026-04-12 20:58:38 [INFO] Player lost connection: disconnect.quitting
2026-04-12 20:58:52 [INFO] Player [/26.105.150.15:60459] logged in with entity id 8291 at (-15.699999988079071, 47.0, 53.300000011920936)
2026-04-12 20:58:53 [INFO] Player lost connection: disconnect.quitting
2026-04-12 20:59:21 [INFO] second lost connection: disconnect.quitting
2026-04-12 20:59:26 [INFO] Player [/26.105.150.15:60481] logged in with entity id 8332 at (-15.300000011920933, 47.0, 53.50383199487786)
2026-04-12 20:59:28 [INFO] Player lost connection: disconnect.quitting
2026-04-12 21:00:11 [INFO] /26.105.150.15:55998 lost connection
2026-04-12 21:00:25 [INFO] Starting minecraft server version 1.2.5
2026-04-12 21:00:25 [INFO] Loading properties
2026-04-12 21:00:25 [INFO] Starting Minecraft server on *:25565
2026-04-12 21:00:25 [WARNING] **** SERVER IS RUNNING IN OFFLINE/INSECURE MODE!
2026-04-12 21:00:25 [WARNING] The server will make no attempt to authenticate usernames. Beware.
2026-04-12 21:00:25 [WARNING] While this makes the game possible to play without internet access, it also opens up the ability for hackers to connect with any username they choose.
2026-04-12 21:00:25 [WARNING] To change this, set "online-mode" to "true" in the server.settings file.
2026-04-12 21:00:25 [INFO] Preparing level "world"
2026-04-12 21:00:25 [INFO] Default game type: 0
2026-04-12 21:00:25 [INFO] Preparing start region for level 0
2026-04-12 21:00:26 [INFO] Done (0.248s)! For help, type "help" or "?"
2026-04-12 21:00:30 [INFO] /26.105.150.15:56016 lost connection
2026-04-12 21:00:32 [INFO] jake [/26.251.223.4:52249] logged in with entity id 372 at (-15.699999988079073, 52.0, 55.30000001192093)
2026-04-12 21:01:35 [INFO] /26.105.150.15:60463 lost connection
2026-04-12 21:01:53 [INFO] Starting minecraft server version 1.2.5
2026-04-12 21:01:53 [INFO] Loading properties
2026-04-12 21:01:53 [INFO] Starting Minecraft server on *:25565
2026-04-12 21:01:53 [WARNING] **** SERVER IS RUNNING IN OFFLINE/INSECURE MODE!
2026-04-12 21:01:53 [WARNING] The server will make no attempt to authenticate usernames. Beware.
2026-04-12 21:01:53 [WARNING] While this makes the game possible to play without internet access, it also opens up the ability for hackers to connect with any username they choose.
2026-04-12 21:01:53 [WARNING] To change this, set "online-mode" to "true" in the server.settings file.
2026-04-12 21:01:53 [INFO] Preparing level "world"
2026-04-12 21:01:53 [INFO] Default game type: 0
2026-04-12 21:01:53 [INFO] Preparing start region for level 0
2026-04-12 21:01:53 [INFO] Done (0.238s)! For help, type "help" or "?"
2026-04-12 21:02:33 [INFO] second [/26.105.150.15:53297] logged in with entity id 340 at (-16.300000011920943, 44.0, 53.502528945021965)
2026-04-12 21:02:38 [INFO] jake [/26.251.223.4:52307] logged in with entity id 346 at (-15.699999988079073, 52.0, 55.30000001192093)
2026-04-12 21:02:41 [INFO] jake lost connection: disconnect.quitting
2026-04-12 21:02:43 [INFO] jake [/26.251.223.4:52313] logged in with entity id 378 at (-15.699999988079071, 49.0, 55.30000001192093)
2026-04-12 21:02:52 [INFO] CONSOLE: Kicking second
2026-04-12 21:02:52 [INFO] second lost connection: disconnect.endOfStream
2026-04-12 21:02:57 [INFO] second [/26.105.150.15:58018] logged in with entity id 512 at (-16.300000011920943, 44.0, 53.502528945021965)
2026-04-12 21:03:33 [INFO] second tried command: seed
2026-04-12 21:03:52 [INFO] second tried command: kick
2026-04-12 21:03:56 [INFO] second tried command: kick second
2026-04-12 21:04:03 [INFO] CONSOLE: Opping second
2026-04-12 21:04:07 [INFO] second issued server command: kick
2026-04-12 21:04:09 [INFO] second issued server command: kick all
2026-04-12 21:04:12 [INFO] second issued server command: kick @a
2026-04-12 21:04:15 [INFO] second issued server command: kick second
2026-04-12 21:04:15 [INFO] second: Kicking second
2026-04-12 21:04:16 [INFO] second lost connection: disconnect.endOfStream
2026-04-12 21:04:20 [INFO] second [/26.105.150.15:56749] logged in with entity id 888 at (-8.069440329154144, 64.0, 27.42738392534144)
2026-04-12 21:05:35 [WARNING] jake moved wrongly!
2026-04-12 21:06:31 [INFO] jake lost connection: disconnect.quitting
2026-04-12 21:06:39 [INFO] jake [/26.251.223.4:52335] logged in with entity id 3050 at (36.87474706744719, 64.0, 45.98395879381081)
2026-04-12 21:06:42 [INFO] jake lost connection: disconnect.quitting
2026-04-12 21:06:45 [INFO] jake [/26.251.223.4:52341] logged in with entity id 3055 at (39.41836578142586, 64.93612497923645, 38.02813738789093)
2026-04-12 21:07:05 [INFO] second lost connection: disconnect.quitting
2026-04-12 21:15:55 [INFO] jake lost connection: disconnect.quitting
2026-04-13 18:03:46 [INFO] Starting minecraft server version 1.2.5
2026-04-13 18:03:46 [INFO] Loading properties
2026-04-13 18:03:46 [INFO] Starting Minecraft server on *:25565
2026-04-13 18:03:46 [WARNING] **** SERVER IS RUNNING IN OFFLINE/INSECURE MODE!
2026-04-13 18:03:46 [WARNING] The server will make no attempt to authenticate usernames. Beware.
2026-04-13 18:03:46 [WARNING] While this makes the game possible to play without internet access, it also opens up the ability for hackers to connect with any username they choose.
2026-04-13 18:03:46 [WARNING] To change this, set "online-mode" to "true" in the server.settings file.
2026-04-13 18:03:46 [INFO] Preparing level "world"
2026-04-13 18:03:46 [INFO] Default game type: 0
2026-04-13 18:03:46 [INFO] Preparing start region for level 0
2026-04-13 18:03:46 [INFO] Done (0.262s)! For help, type "help" or "?"
2026-04-13 18:03:51 [INFO] second [/26.105.150.15:51701] logged in with entity id 352 at (42.510632390738884, 64.0, 36.64559111877428)
2026-04-13 18:04:02 [INFO] second lost connection: disconnect.quitting
2026-04-13 18:04:22 [INFO] 앙기모찌 [/26.105.150.15:50995] logged in with entity id 354 at (5.5, 64.62000000476837, -2.5)
2026-04-13 18:04:30 [INFO] 앙기모찌 lost connection: disconnect.quitting
2026-04-13 18:05:09 [INFO] KuroNyan [/26.105.150.15:65296] logged in with entity id 357 at (-3.5, 68.62000000476837, -6.5)
2026-04-13 18:06:31 [INFO] KuroNyan lost connection: disconnect.quitting
2026-04-13 18:06:32 [INFO] KuroNyan [/26.105.150.15:49694] logged in with entity id 514 at (-7.595231743173729, 66.0, -8.300000011920929)
2026-04-13 18:06:37 [INFO] KuroNyan lost connection: disconnect.quitting
2026-04-13 18:08:15 [INFO] Starting minecraft server version 1.2.5
2026-04-13 18:08:15 [INFO] Loading properties
2026-04-13 18:08:15 [INFO] Starting Minecraft server on *:25565
2026-04-13 18:08:15 [WARNING] **** SERVER IS RUNNING IN OFFLINE/INSECURE MODE!
2026-04-13 18:08:15 [WARNING] The server will make no attempt to authenticate usernames. Beware.
2026-04-13 18:08:15 [WARNING] While this makes the game possible to play without internet access, it also opens up the ability for hackers to connect with any username they choose.
2026-04-13 18:08:15 [WARNING] To change this, set "online-mode" to "true" in the server.settings file.
2026-04-13 18:08:15 [INFO] Preparing level "world"
2026-04-13 18:08:15 [INFO] Default game type: 0
2026-04-13 18:08:15 [INFO] Preparing start region for level 0
2026-04-13 18:08:16 [INFO] Done (0.235s)! For help, type "help" or "?"
2026-04-13 18:08:17 [INFO] KuroNyan [/26.105.150.15:50642] logged in with entity id 308 at (-7.515825096552221, 66.0, -8.53233440207646)
2026-04-13 18:08:40 [INFO] Unknown console command. Type "help" for help.
2026-04-13 18:08:42 [INFO] Unknown console command. Type "help" for help.
2026-04-13 18:08:45 [INFO] There's no game mode with id creativew
2026-04-13 18:08:46 [INFO] Unknown console command. Type "help" for help.
2026-04-13 18:08:47 [INFO] There's no game mode with id creative
2026-04-13 18:08:49 [INFO] Unknown console command. Type "help" for help.
2026-04-13 18:09:03 [INFO] Can't find user creative
2026-04-13 18:09:05 [INFO] Unknown console command. Type "help" for help.
2026-04-13 18:09:06 [INFO] Unknown console command. Type "help" for help.
2026-04-13 18:09:06 [INFO] Unknown console command. Type "help" for help.
2026-04-13 18:09:06 [INFO] Unknown console command. Type "help" for help.
2026-04-13 18:09:06 [INFO] Unknown console command. Type "help" for help.
2026-04-13 18:09:06 [INFO] Unknown console command. Type "help" for help.
2026-04-13 18:09:06 [INFO] Unknown console command. Type "help" for help.
2026-04-13 18:09:06 [INFO] Unknown console command. Type "help" for help.
2026-04-13 18:09:06 [INFO] Unknown console command. Type "help" for help.
2026-04-13 18:09:06 [INFO] Unknown console command. Type "help" for help.
2026-04-13 18:09:06 [INFO] Unknown console command. Type "help" for help.
2026-04-13 18:09:07 [INFO] Unknown console command. Type "help" for help.
2026-04-13 18:09:07 [INFO] Unknown console command. Type "help" for help.
2026-04-13 18:09:07 [INFO] Unknown console command. Type "help" for help.
2026-04-13 18:09:07 [INFO] Unknown console command. Type "help" for help.
2026-04-13 18:09:22 [INFO] KuroNyan tried command: ping
2026-04-13 18:09:24 [INFO] KuroNyan tried command: help
2026-04-13 18:10:23 [INFO] KuroNyan lost connection: disconnect.quitting
2026-04-13 18:15:08 [INFO] KuroNyan [/26.105.150.15:49402] logged in with entity id 443 at (-54.57048111402723, 63.0, -2.6605187914026653)
2026-04-13 18:15:28 [INFO] KuroNyan lost connection: disconnect.quitting
2026-04-13 18:19:25 [INFO] KuroNyan [/26.105.150.15:54520] logged in with entity id 459 at (-55.43788226443089, 63.67647087614428, -34.144098401920665)
2026-04-13 18:19:39 [INFO] KuroNyan lost connection: disconnect.quitting
2026-04-13 18:21:21 [INFO] KuroNyan [/26.105.150.15:54565] logged in with entity id 466 at (-61.877099553899065, 63.0, -26.00671262656284)
2026-04-13 18:21:44 [INFO] KuroNyan lost connection: disconnect.quitting
2026-04-13 18:22:38 [INFO] KuroNyan [/26.105.150.15:49381] logged in with entity id 493 at (-17.554321159157368, 67.0, -41.176149855387735)
2026-04-13 18:23:55 [INFO] KuroNyan lost connection: disconnect.quitting
2026-04-13 18:25:34 [INFO] KuroNyan [/26.105.150.15:58489] logged in with entity id 538 at (45.300000011920936, 64.0, -115.41519192100326)
2026-04-13 18:25:38 [INFO] KuroNyan lost connection: disconnect.quitting
2026-04-13 18:36:44 [INFO] KuroNyan [/26.105.150.15:54524] logged in with entity id 612 at (45.300000011920936, 64.0, -115.41519192100326)
2026-04-13 18:37:23 [INFO] KuroNyan lost connection: disconnect.quitting
2026-04-13 18:39:14 [INFO] /26.105.150.15:57235 lost connection
2026-04-13 18:40:41 [INFO] KuroNyan [/26.105.150.15:50357] logged in with entity id 681 at (47.1155885574175, 65.0, -114.69999998807907)
2026-04-13 18:41:32 [INFO] KuroNyan lost connection: disconnect.quitting
2026-04-13 18:53:04 [INFO] KuroNyan [/26.105.150.15:52668] logged in with entity id 728 at (47.41458924181489, 71.0, -131.97951082555454)
2026-04-13 18:53:41 [INFO] KuroNyan lost connection: disconnect.quitting
2026-04-13 18:53:44 [INFO] KuroNyan [/26.105.150.15:52687] logged in with entity id 760 at (38.5506127432647, 68.67647087614428, -178.95882483237563)
2026-04-13 18:54:55 [INFO] KuroNyan lost connection: disconnect.quitting
2026-04-14 19:24:05 [INFO] Starting minecraft server version 1.2.5
2026-04-14 19:24:05 [INFO] Loading properties
2026-04-14 19:24:05 [INFO] Starting Minecraft server on *:25565
2026-04-14 19:24:05 [WARNING] **** FAILED TO BIND TO PORT!
2026-04-14 19:24:05 [WARNING] The exception was: java.net.BindException: Address already in use: JVM_Bind
2026-04-14 19:24:05 [WARNING] Perhaps a server is already running on that port?
2026-04-14 19:24:15 [INFO] Starting minecraft server version 1.2.5
2026-04-14 19:24:15 [INFO] Loading properties
2026-04-14 19:24:15 [INFO] Starting Minecraft server on *:25565
2026-04-14 19:24:15 [WARNING] **** SERVER IS RUNNING IN OFFLINE/INSECURE MODE!
2026-04-14 19:24:15 [WARNING] The server will make no attempt to authenticate usernames. Beware.
2026-04-14 19:24:15 [WARNING] While this makes the game possible to play without internet access, it also opens up the ability for hackers to connect with any username they choose.
2026-04-14 19:24:15 [WARNING] To change this, set "online-mode" to "true" in the server.settings file.
2026-04-14 19:24:15 [INFO] Preparing level "world"
2026-04-14 19:24:15 [INFO] Default game type: 0
2026-04-14 19:24:15 [INFO] Preparing start region for level 0
2026-04-14 19:24:15 [INFO] Done (0.242s)! For help, type "help" or "?"
2026-04-14 19:24:21 [INFO] CONSOLE: Stopping the server..
2026-04-14 19:24:21 [INFO] Stopping server
2026-04-14 19:24:21 [INFO] Saving chunks
2026-04-14 19:24:22 [INFO] Saving chunks
2026-04-14 19:24:22 [INFO] Saving chunks
2026-04-14 19:29:24 [INFO] Starting minecraft server version 1.2.5
2026-04-14 19:29:24 [INFO] Loading properties
2026-04-14 19:29:24 [INFO] Starting Minecraft server on *:25565
2026-04-14 19:29:24 [WARNING] **** SERVER IS RUNNING IN OFFLINE/INSECURE MODE!
2026-04-14 19:29:24 [WARNING] The server will make no attempt to authenticate usernames. Beware.
2026-04-14 19:29:24 [WARNING] While this makes the game possible to play without internet access, it also opens up the ability for hackers to connect with any username they choose.
2026-04-14 19:29:24 [WARNING] To change this, set "online-mode" to "true" in the server.settings file.
2026-04-14 19:29:24 [INFO] Preparing level "world"
2026-04-14 19:29:24 [INFO] Default game type: 0
2026-04-14 19:29:24 [INFO] Preparing start region for level 0
2026-04-14 19:29:24 [INFO] Done (0.248s)! For help, type "help" or "?"
2026-04-14 19:29:30 [INFO] KuroNyan [/26.105.150.15:62520] logged in with entity id 331 at (33.34375, 63.0, -173.71875)
2026-04-14 19:30:31 [INFO] KuroNyan lost connection: disconnect.quitting
2026-04-14 19:30:36 [INFO] KuroNyan [/26.105.150.15:62558] logged in with entity id 365 at (58.94496734735975, 40.91666519183366, -215.38634973827988)
2026-04-14 19:30:47 [INFO] KuroNyan lost connection: disconnect.quitting
2026-04-14 19:31:43 [INFO] KuroNyan [/26.105.150.15:63707] logged in with entity id 408 at (51.69999998807907, 38.0, -223.68288413530925)
2026-04-14 19:32:40 [INFO] KuroNyan lost connection: disconnect.quitting
2026-04-14 19:35:14 [INFO] KuroNyan [/26.105.150.15:49773] logged in with entity id 457 at (77.69999998807907, 37.0, -216.16289761166107)
2026-04-14 19:35:29 [INFO] KuroNyan lost connection: disconnect.quitting
2026-04-14 19:35:31 [INFO] KuroNyan [/26.105.150.15:49794] logged in with entity id 506 at (72.7393686188565, 24.19347388999099, -203.69783908363993)
2026-04-14 19:35:41 [INFO] KuroNyan lost connection: disconnect.quitting
2026-04-14 19:35:43 [INFO] KuroNyan [/26.105.150.15:49808] logged in with entity id 554 at (79.8963072994701, 9.771868968747144, -200.8388817480656)
2026-04-14 19:35:45 [INFO] KuroNyan lost connection: disconnect.quitting
2026-04-14 19:35:52 [INFO] CONSOLE: Stopping the server..
2026-04-14 19:35:52 [INFO] Stopping server
2026-04-14 19:35:52 [INFO] Saving chunks
2026-04-14 19:35:52 [INFO] Saving chunks
2026-04-14 19:35:52 [INFO] Saving chunks
2026-04-14 19:36:00 [INFO] Starting minecraft server version 1.2.5
2026-04-14 19:36:00 [INFO] Loading properties
2026-04-14 19:36:00 [INFO] Starting Minecraft server on *:25565
2026-04-14 19:36:00 [WARNING] **** SERVER IS RUNNING IN OFFLINE/INSECURE MODE!
2026-04-14 19:36:00 [WARNING] The server will make no attempt to authenticate usernames. Beware.
2026-04-14 19:36:00 [WARNING] While this makes the game possible to play without internet access, it also opens up the ability for hackers to connect with any username they choose.
2026-04-14 19:36:00 [WARNING] To change this, set "online-mode" to "true" in the server.settings file.
2026-04-14 19:36:00 [INFO] Preparing level "world"
2026-04-14 19:36:00 [INFO] Default game type: 0
2026-04-14 19:36:00 [INFO] Preparing start region for level 0
2026-04-14 19:36:00 [INFO] Done (0.240s)! For help, type "help" or "?"
2026-04-14 19:36:02 [INFO] KuroNyan [/26.105.150.15:49832] logged in with entity id 336 at (79.30000001192093, 10.225897123731702, -201.33674743354027)
2026-04-14 19:36:05 [INFO] KuroNyan lost connection: disconnect.quitting
2026-04-14 19:36:09 [INFO] KuroNyan [/26.105.150.15:49838] logged in with entity id 355 at (79.30000001192093, 9.650789271445523, -201.23236409678583)
2026-04-14 19:36:32 [INFO] KuroNyan lost connection: disconnect.quitting
2026-04-14 19:36:48 [INFO] KuroNyan [/26.105.150.15:61216] logged in with entity id 410 at (4.886771640461854, 69.0, -31.960549623054494)
2026-04-14 19:39:54 [INFO] KuroNyan lost connection: disconnect.quitting
2026-04-14 19:40:05 [INFO] KuroNyan [/26.105.150.15:64581] logged in with entity id 440 at (111.32307970349783, 72.0, -63.78271444351232)
2026-04-14 19:40:54 [INFO] KuroNyan lost connection: disconnect.quitting
2026-04-14 19:41:49 [INFO] KuroNyan [/26.105.150.15:57354] logged in with entity id 467 at (142.69999998807907, 63.0, -45.972443154578166)
2026-04-14 19:42:46 [INFO] KuroNyan lost connection: disconnect.quitting
2026-04-14 19:43:05 [INFO] KuroNyan [/26.105.150.15:65174] logged in with entity id 514 at (184.51962230889467, 66.1212968405392, -65.23305670525137)
2026-04-14 19:43:23 [INFO] KuroNyan lost connection: disconnect.quitting
2026-04-14 19:43:59 [INFO] KuroNyan [/26.105.150.15:51866] logged in with entity id 556 at (141.42023295731852, 63.0, -42.09332911895528)
2026-04-14 19:44:02 [INFO] KuroNyan lost connection: disconnect.quitting
2026-04-14 19:44:16 [INFO] KuroNyan [/26.105.150.15:53710] logged in with entity id 576 at (141.77090730576, 63.0, -44.49158641619825)
2026-04-14 19:44:18 [INFO] KuroNyan lost connection: disconnect.quitting
2026-04-14 19:44:32 [INFO] KuroNyan [/26.105.150.15:56382] logged in with entity id 596 at (141.31978756936712, 63.0, -45.21991005857784)
2026-04-14 19:44:34 [INFO] KuroNyan lost connection: disconnect.quitting
2026-04-14 19:44:47 [INFO] KuroNyan [/26.105.150.15:56418] logged in with entity id 617 at (139.62131324834087, 63.0, -47.13607945545741)
2026-04-14 19:44:49 [INFO] KuroNyan lost connection: disconnect.quitting
2026-04-14 19:45:01 [INFO] KuroNyan [/26.105.150.15:56432] logged in with entity id 637 at (139.62131324834087, 63.0, -47.13607945545741)
2026-04-14 19:45:03 [INFO] KuroNyan lost connection: disconnect.quitting
2026-04-14 19:45:15 [INFO] KuroNyan [/26.105.150.15:56444] logged in with entity id 657 at (139.62131324834087, 63.0, -47.13607945545741)
2026-04-14 19:46:22 [INFO] KuroNyan lost connection: disconnect.quitting
2026-04-14 19:46:38 [INFO] KuroNyan [/26.105.150.15:59014] logged in with entity id 681 at (118.42727177526295, 64.0, -41.14665692375162)
2026-04-14 19:47:14 [INFO] KuroNyan tried command: ping
2026-04-14 19:50:37 [INFO] KuroNyan lost connection: disconnect.quitting
2026-04-14 19:50:38 [INFO] KuroNyan [/26.105.150.15:54078] logged in with entity id 879 at (160.15408765114546, 73.0, 13.699999988079082)
2026-04-14 19:50:52 [INFO] Unknown console command. Type "help" for help.
2026-04-14 19:50:56 [INFO] Unknown console command. Type "help" for help.
2026-04-14 19:50:58 [INFO] To run the server without a gui, start it like this:
2026-04-14 19:50:58 [INFO]    java -Xmx1024M -Xms1024M -jar minecraft_server.jar nogui
2026-04-14 19:50:58 [INFO] Console commands:
2026-04-14 19:50:58 [INFO]    help  or  ?               shows this message
2026-04-14 19:50:58 [INFO]    kick <player>             removes a player from the server
2026-04-14 19:50:58 [INFO]    ban <player>              bans a player from the server
2026-04-14 19:50:58 [INFO]    pardon <player>           pardons a banned player so that they can connect again
2026-04-14 19:50:58 [INFO]    ban-ip <ip>               bans an IP address from the server
2026-04-14 19:50:58 [INFO]    pardon-ip <ip>            pardons a banned IP address so that they can connect again
2026-04-14 19:50:58 [INFO]    op <player>               turns a player into an op
2026-04-14 19:50:58 [INFO]    deop <player>             removes op status from a player
2026-04-14 19:50:58 [INFO]    tp <player1> <player2>    moves one player to the same location as another player
2026-04-14 19:50:58 [INFO]    give <player> <id> [num]  gives a player a resource
2026-04-14 19:50:58 [INFO]    tell <player> <message>   sends a private message to a player
2026-04-14 19:50:58 [INFO]    stop                      gracefully stops the server
2026-04-14 19:50:58 [INFO]    save-all                  forces a server-wide level save
2026-04-14 19:50:58 [INFO]    save-off                  disables terrain saving (useful for backup scripts)
2026-04-14 19:50:58 [INFO]    save-on                   re-enables terrain saving
2026-04-14 19:50:58 [INFO]    list                      lists all currently connected players
2026-04-14 19:50:58 [INFO]    say <message>             broadcasts a message to all players
2026-04-14 19:50:58 [INFO]    time <add|set> <amount>   adds to or sets the world time (0-24000)
2026-04-14 19:50:58 [INFO]    gamemode <player> <mode>  sets player's game mode (0 or 1)
2026-04-14 19:50:58 [INFO]    toggledownfall            toggles rain on or off
2026-04-14 19:50:58 [INFO]    xp <player> <amount>      gives the player the amount of xp (0-5000)
2026-04-14 19:51:26 [INFO] Unknown console command. Type "help" for help.
2026-04-14 19:51:52 [INFO] CONSOLE: Opping kuronyan
2026-04-14 19:51:57 [INFO] <KuroNyan> 2026-04-14 19:50:58 [INFO] To run the server without a gui, start it like this:2026-04-14 19:50:58 [
2026-04-14 19:52:12 [INFO] KuroNyan issued server command: difficulty 0
2026-04-14 19:52:12 [INFO] Unknown console command. Type "help" for help.
2026-04-14 19:55:02 [INFO] KuroNyan lost connection: disconnect.quitting
2026-04-14 19:55:03 [INFO] KuroNyan [/26.105.150.15:62801] logged in with entity id 1118 at (276.35484212556304, 59.0, 95.74597434675854)
2026-04-14 20:00:25 [INFO] KuroNyan lost connection: disconnect.quitting
2026-04-14 20:00:26 [INFO] KuroNyan [/26.105.150.15:50264] logged in with entity id 1479 at (173.91170035434814, 56.0, 266.48781771640944)
2026-04-14 20:00:28 [INFO] KuroNyan lost connection: disconnect.quitting
2026-04-14 20:00:43 [INFO] KuroNyan [/26.105.150.15:64407] logged in with entity id 1532 at (173.40468247439546, 56.0, 266.35013109840116)
2026-04-14 20:00:53 [INFO] Unknown console command. Type "help" for help.
2026-04-14 20:00:55 [INFO] Unknown console command. Type "help" for help.
2026-04-14 20:00:59 [INFO] To run the server without a gui, start it like this:
2026-04-14 20:00:59 [INFO]    java -Xmx1024M -Xms1024M -jar minecraft_server.jar nogui
2026-04-14 20:00:59 [INFO] Console commands:
2026-04-14 20:00:59 [INFO]    help  or  ?               shows this message
2026-04-14 20:00:59 [INFO]    kick <player>             removes a player from the server
2026-04-14 20:00:59 [INFO]    ban <player>              bans a player from the server
2026-04-14 20:00:59 [INFO]    pardon <player>           pardons a banned player so that they can connect again
2026-04-14 20:00:59 [INFO]    ban-ip <ip>               bans an IP address from the server
2026-04-14 20:00:59 [INFO]    pardon-ip <ip>            pardons a banned IP address so that they can connect again
2026-04-14 20:00:59 [INFO]    op <player>               turns a player into an op
2026-04-14 20:00:59 [INFO]    deop <player>             removes op status from a player
2026-04-14 20:00:59 [INFO]    tp <player1> <player2>    moves one player to the same location as another player
2026-04-14 20:00:59 [INFO]    give <player> <id> [num]  gives a player a resource
2026-04-14 20:00:59 [INFO]    tell <player> <message>   sends a private message to a player
2026-04-14 20:00:59 [INFO]    stop                      gracefully stops the server
2026-04-14 20:00:59 [INFO]    save-all                  forces a server-wide level save
2026-04-14 20:00:59 [INFO]    save-off                  disables terrain saving (useful for backup scripts)
2026-04-14 20:00:59 [INFO]    save-on                   re-enables terrain saving
2026-04-14 20:00:59 [INFO]    list                      lists all currently connected players
2026-04-14 20:00:59 [INFO]    say <message>             broadcasts a message to all players
2026-04-14 20:00:59 [INFO]    time <add|set> <amount>   adds to or sets the world time (0-24000)
2026-04-14 20:00:59 [INFO]    gamemode <player> <mode>  sets player's game mode (0 or 1)
2026-04-14 20:00:59 [INFO]    toggledownfall            toggles rain on or off
2026-04-14 20:00:59 [INFO]    xp <player> <amount>      gives the player the amount of xp (0-5000)
2026-04-14 20:01:05 [INFO] jake [/26.251.223.4:55747] logged in with entity id 1572 at (19.789412574419476, 28.0, -24.549716788528293)
2026-04-14 20:01:13 [INFO] There's no item with id steak
2026-04-14 20:01:14 [INFO] Unknown console command. Type "help" for help.
2026-04-14 20:02:39 [INFO] CONSOLE: Giving KuroNyan some 364
2026-04-14 20:03:14 [INFO] KuroNyan lost connection: disconnect.quitting
2026-04-14 20:03:15 [INFO] KuroNyan [/26.105.150.15:55326] logged in with entity id 2773 at (228.44519459879132, 64.0, 256.30000001192093)
2026-04-14 20:03:20 [INFO] KuroNyan issued server command: tp
2026-04-14 20:03:26 [INFO] KuroNyan issued server command: tp jake kuronyan
2026-04-14 20:03:26 [INFO] KuroNyan: Teleporting jake to kuronyan.
2026-04-14 20:03:41 [INFO] KuroNyan lost connection: disconnect.quitting
2026-04-14 20:03:42 [INFO] KuroNyan [/26.105.150.15:60263] logged in with entity id 2882 at (228.47233825629692, 64.0, 256.79458267106514)
2026-04-14 20:03:44 [INFO] KuroNyan lost connection: disconnect.quitting
2026-04-14 20:04:00 [INFO] KuroNyan [/26.105.150.15:53661] logged in with entity id 2883 at (228.30972211136333, 64.0, 256.30000001192093)
2026-04-14 20:04:18 [INFO] KuroNyan lost connection: disconnect.quitting
2026-04-14 20:04:19 [INFO] KuroNyan [/26.105.150.15:53677] logged in with entity id 2939 at (230.20475251558025, 56.93665494615299, 257.3971252296979)
2026-04-14 20:04:25 [INFO] KuroNyan lost connection: disconnect.quitting
2026-04-14 20:04:26 [INFO] KuroNyan [/26.105.150.15:53684] logged in with entity id 2940 at (229.10142392801103, 39.09054135074083, 260.00793661784684)
2026-04-14 20:04:27 [INFO] KuroNyan lost connection: disconnect.quitting
2026-04-14 20:04:41 [INFO] KuroNyan [/26.105.150.15:53700] logged in with entity id 2942 at (229.10142392801103, 31.0, 260.00793661784684)
2026-04-14 20:04:44 [INFO] KuroNyan lost connection: disconnect.quitting
2026-04-14 20:05:01 [INFO] KuroNyan [/26.105.150.15:63445] logged in with entity id 2944 at (225.8529804645987, 31.0, 262.6332758599968)
2026-04-14 20:07:30 [INFO] KuroNyan lost connection: disconnect.quitting
2026-04-14 20:07:32 [INFO] KuroNyan [/26.105.150.15:56091] logged in with entity id 3066 at (260.6999999880791, 32.44045513047196, 254.699999988079)
2026-04-14 20:11:47 [INFO] KuroNyan lost connection: disconnect.quitting
2026-04-14 20:11:53 [INFO] KuroNyan [/26.105.150.15:56241] logged in with entity id 3180 at (277.36296537777076, 18.0, 234.95806208752086)
2026-04-14 20:17:22 [INFO] KuroNyan lost connection: disconnect.quitting
2026-04-14 20:17:31 [INFO] jake lost connection: disconnect.quitting
2026-04-14 20:17:37 [INFO] jake [/26.251.223.4:55870] logged in with entity id 3788 at (-2.321615550852369, 64.0, 6.07481082030896)
2026-04-14 20:17:50 [INFO] KuroNyan [/26.105.150.15:50092] logged in with entity id 3790 at (284.30000001192093, 10.0, 254.69999998807896)
2026-04-14 20:20:00 [INFO] jake lost connection: disconnect.quitting
2026-04-14 20:22:17 [INFO] KuroNyan lost connection: disconnect.quitting
2026-04-14 20:22:19 [INFO] KuroNyan [/26.105.150.15:64324] logged in with entity id 4357 at (302.41209955549266, 8.0, 247.51807818393104)
2026-04-14 20:23:02 [INFO] KuroNyan lost connection: disconnect.quitting
2026-04-14 20:23:03 [INFO] KuroNyan [/26.105.150.15:52713] logged in with entity id 4468 at (293.45172075376547, 10.0, 238.27552029515024)
2026-04-14 20:23:04 [INFO] KuroNyan lost connection: disconnect.quitting
2026-04-14 20:23:24 [INFO] KuroNyan [/26.105.150.15:50688] logged in with entity id 4547 at (293.46492906277575, 10.03998044967695, 237.8267501377634)
2026-04-14 20:28:22 [INFO] KuroNyan lost connection: disconnect.quitting
2026-04-14 20:28:27 [INFO] CONSOLE: Stopping the server..
2026-04-14 20:28:27 [INFO] Stopping server
2026-04-14 20:28:27 [INFO] Saving chunks
2026-04-14 20:28:27 [INFO] Saving chunks
2026-04-14 20:28:27 [INFO] Saving chunks
